mode: set
redis-test/repository/redis/redis.go:34.86,36.2 1 1
redis-test/repository/redis/redis.go:38.89,51.16 11 0
redis-test/repository/redis/redis.go:51.16,55.3 1 0
redis-test/repository/redis/redis.go:56.2,58.16 2 0
redis-test/repository/redis/redis.go:58.16,61.3 1 0
redis-test/repository/redis/redis.go:65.75,71.16 4 0
redis-test/repository/redis/redis.go:71.16,75.3 2 0
redis-test/repository/redis/redis.go:77.2,77.25 1 0
redis-test/repository/redis/redis.go:77.25,87.3 2 0
redis-test/repository/redis/redis.go:89.2,90.12 2 0
redis-test/repository/redis/redis.go:92.67,95.16 2 0
redis-test/repository/redis/redis.go:95.16,98.3 2 0
redis-test/repository/redis/redis.go:99.2,101.16 2 0
redis-test/repository/redis/redis.go:101.16,104.3 2 0
redis-test/repository/redis/redis.go:106.2,106.12 1 0
redis-test/repository/redis/redis.go:108.97,114.16 4 0
redis-test/repository/redis/redis.go:114.16,117.3 1 0
redis-test/repository/redis/redis.go:118.2,118.12 1 0
redis-test/repository/redis/redis.go:118.12,121.17 2 0
redis-test/repository/redis/redis.go:121.17,124.4 1 0
redis-test/repository/redis/redis.go:127.2,127.12 1 0
redis-test/repository/redis/redis.go:129.73,134.25 4 1
redis-test/repository/redis/redis.go:134.25,136.3 1 1
redis-test/repository/redis/redis.go:137.2,137.23 1 1
redis-test/repository/redis/redis.go:139.69,142.16 2 0
redis-test/repository/redis/redis.go:142.16,146.3 2 0
redis-test/repository/redis/redis.go:148.2,148.23 1 0
